<?xml version="1.0" encoding="UTF-8"?>
<!-- Generated by org.testng.reporters.JUnitXMLReporter -->
<testsuite ignored="0" hostname="PRASANNA" failures="0" tests="3" name="Default test" time="77.229" errors="0" timestamp="2025-04-22T10:45:06 IST">
  <testcase classname="Organizations.Organization_ScenarioTest" name="Create_With_IndustryTest" time="20.531"/>
  <testcase classname="Organizations.Organization_ScenarioTest" name="Create_organisation_Test" time="18.71"/>
  <testcase classname="Organizations.Organization_ScenarioTest" name="Create_withMobileno_Test" time="19.291"/>
</testsuite> <!-- Default test -->
