<?xml version="1.0" encoding="UTF-8"?>
<!-- Generated by org.testng.reporters.JUnitXMLReporter -->
<testsuite ignored="8" hostname="PRASANNA" failures="0" tests="2" name="Test" time="50.888" errors="0" timestamp="2025-04-22T11:12:00 IST">
  <testcase classname="Contacts.Contact_ScenarioTest" name="Create_Contact_Test" time="17.831"/>
  <testcase classname="Organizations.Organization_ScenarioTest" name="Create_organisation_Test" time="15.747"/>
  <testcase classname="Baseclass_Utility.Baseclass" name="@BeforeSuite beforeSuite" time="0.0">
    <ignored/>
  </testcase> <!-- @BeforeSuite beforeSuite -->
  <testcase classname="Contacts.Contact_ScenarioTest" name="Create_Con_Orgname" time="0.0">
    <ignored/>
  </testcase> <!-- Create_Con_Orgname -->
  <testcase classname="Organizations.Organization_ScenarioTest" name="Create_withMobileno_Test" time="0.0">
    <ignored/>
  </testcase> <!-- Create_withMobileno_Test -->
  <testcase classname="Organizations.Organization_ScenarioTest" name="Create_With_IndustryTest" time="0.0">
    <ignored/>
  </testcase> <!-- Create_With_IndustryTest -->
  <testcase classname="Baseclass_Utility.Baseclass" name="@AfterTest afterTest" time="0.0">
    <ignored/>
  </testcase> <!-- @AfterTest afterTest -->
  <testcase classname="Baseclass_Utility.Baseclass" name="@AfterSuite afterSuite" time="0.0">
    <ignored/>
  </testcase> <!-- @AfterSuite afterSuite -->
  <testcase classname="Baseclass_Utility.Baseclass" name="@BeforeTest beforeTest" time="0.0">
    <ignored/>
  </testcase> <!-- @BeforeTest beforeTest -->
  <testcase classname="Contacts.Contact_ScenarioTest" name="Create_ContSD_ED" time="0.0">
    <ignored/>
  </testcase> <!-- Create_ContSD_ED -->
</testsuite> <!-- Test -->
